{"/Volumes/DATA/Udemy/Npm - Crear modules node en JS TS Angular publicar/Course-Projects/random-int-ts-ci-co/dist/index.js":{"path":"/Volumes/DATA/Udemy/Npm - Crear modules node en JS TS Angular publicar/Course-Projects/random-int-ts-ci-co/dist/index.js","s":{"1":1,"2":1,"3":1,"4":9,"5":2,"6":9,"7":2,"8":9,"9":1,"10":9,"11":9,"12":39,"13":9,"14":1},"b":{"1":[2,7],"2":[2,7],"3":[1,8]},"f":{"1":9},"fnMap":{"1":{"name":"randomIntList","line":13,"loc":{"start":{"line":13,"column":0},"end":{"line":13,"column":45}}}},"statementMap":{"1":{"start":{"line":2,"column":0},"end":{"line":2,"column":62}},"2":{"start":{"line":3,"column":0},"end":{"line":3,"column":38}},"3":{"start":{"line":13,"column":0},"end":{"line":26,"column":1}},"4":{"start":{"line":14,"column":4},"end":{"line":14,"column":37}},"5":{"start":{"line":14,"column":26},"end":{"line":14,"column":35}},"6":{"start":{"line":15,"column":4},"end":{"line":17,"column":5}},"7":{"start":{"line":16,"column":8},"end":{"line":16,"column":23}},"8":{"start":{"line":18,"column":4},"end":{"line":20,"column":5}},"9":{"start":{"line":19,"column":8},"end":{"line":19,"column":23}},"10":{"start":{"line":21,"column":4},"end":{"line":21,"column":36}},"11":{"start":{"line":22,"column":4},"end":{"line":24,"column":5}},"12":{"start":{"line":23,"column":8},"end":{"line":23,"column":37}},"13":{"start":{"line":25,"column":4},"end":{"line":25,"column":15}},"14":{"start":{"line":27,"column":0},"end":{"line":27,"column":38}}},"branchMap":{"1":{"line":14,"type":"if","locations":[{"start":{"line":14,"column":4},"end":{"line":14,"column":4}},{"start":{"line":14,"column":4},"end":{"line":14,"column":4}}]},"2":{"line":15,"type":"if","locations":[{"start":{"line":15,"column":4},"end":{"line":15,"column":4}},{"start":{"line":15,"column":4},"end":{"line":15,"column":4}}]},"3":{"line":18,"type":"if","locations":[{"start":{"line":18,"column":4},"end":{"line":18,"column":4}},{"start":{"line":18,"column":4},"end":{"line":18,"column":4}}]}}}}